0:0:0:0:0:0:0:1 - - [24/Nov/2017:09:08:52 +0000] "GET /sample/icpay.js HTTP/1.1" 200 678 "http://localhost:8081/" "Mozilla/5.0 (Macintosh; Intel Mac OS X 10_12_6) AppleWebKit/537.36 (KHTML, like Gecko) Chrome/62.0.3202.94 Safari/537.36"
0:0:0:0:0:0:0:1 - - [24/Nov/2017:09:08:53 +0000] "GET /common/header.html HTTP/1.1" 304 0 "http://localhost:8081/" "Mozilla/5.0 (Macintosh; Intel Mac OS X 10_12_6) AppleWebKit/537.36 (KHTML, like Gecko) Chrome/62.0.3202.94 Safari/537.36"
0:0:0:0:0:0:0:1 - - [24/Nov/2017:09:08:53 +0000] "GET /common/footer.html HTTP/1.1" 200 281 "http://localhost:8081/" "Mozilla/5.0 (Macintosh; Intel Mac OS X 10_12_6) AppleWebKit/537.36 (KHTML, like Gecko) Chrome/62.0.3202.94 Safari/537.36"
0:0:0:0:0:0:0:1 - - [24/Nov/2017:09:08:53 +0000] "GET /assets/js/script/pendapatan.js?_=1511514532945 HTTP/1.1" 200 1929 "http://localhost:8081/" "Mozilla/5.0 (Macintosh; Intel Mac OS X 10_12_6) AppleWebKit/537.36 (KHTML, like Gecko) Chrome/62.0.3202.94 Safari/537.36"
0:0:0:0:0:0:0:1 - - [24/Nov/2017:09:08:56 +0000] "GET /assets/img/background/bt_cubs_a.png HTTP/1.1" 200 193 "http://localhost:8081/assets/css/stylesheet.css" "Mozilla/5.0 (Macintosh; Intel Mac OS X 10_12_6) AppleWebKit/537.36 (KHTML, like Gecko) Chrome/62.0.3202.94 Safari/537.36"
0:0:0:0:0:0:0:1 - - [24/Nov/2017:09:08:56 +0000] "GET /assets/js/script/pendapatan.js?_=1511514532946 HTTP/1.1" 200 1929 "http://localhost:8081/" "Mozilla/5.0 (Macintosh; Intel Mac OS X 10_12_6) AppleWebKit/537.36 (KHTML, like Gecko) Chrome/62.0.3202.94 Safari/537.36"
0:0:0:0:0:0:0:1 - - [24/Nov/2017:09:08:57 +0000] "GET /content/inquiry.html HTTP/1.1" 200 209 "http://localhost:8081/" "Mozilla/5.0 (Macintosh; Intel Mac OS X 10_12_6) AppleWebKit/537.36 (KHTML, like Gecko) Chrome/62.0.3202.94 Safari/537.36"
0:0:0:0:0:0:0:1 - - [24/Nov/2017:09:08:57 +0000] "GET /assets/js/script/inquiry.js?_=1511514532947 HTTP/1.1" 200 2197 "http://localhost:8081/" "Mozilla/5.0 (Macintosh; Intel Mac OS X 10_12_6) AppleWebKit/537.36 (KHTML, like Gecko) Chrome/62.0.3202.94 Safari/537.36"
0:0:0:0:0:0:0:1 - - [24/Nov/2017:09:08:57 +0000] "GET /content/booking.html HTTP/1.1" 200 216 "http://localhost:8081/" "Mozilla/5.0 (Macintosh; Intel Mac OS X 10_12_6) AppleWebKit/537.36 (KHTML, like Gecko) Chrome/62.0.3202.94 Safari/537.36"
0:0:0:0:0:0:0:1 - - [24/Nov/2017:09:08:57 +0000] "GET /assets/js/script/booking.js?_=1511514532948 HTTP/1.1" 200 2465 "http://localhost:8081/" "Mozilla/5.0 (Macintosh; Intel Mac OS X 10_12_6) AppleWebKit/537.36 (KHTML, like Gecko) Chrome/62.0.3202.94 Safari/537.36"
0:0:0:0:0:0:0:1 - - [24/Nov/2017:09:08:58 +0000] "GET /content/payment.html HTTP/1.1" 200 209 "http://localhost:8081/" "Mozilla/5.0 (Macintosh; Intel Mac OS X 10_12_6) AppleWebKit/537.36 (KHTML, like Gecko) Chrome/62.0.3202.94 Safari/537.36"
0:0:0:0:0:0:0:1 - - [24/Nov/2017:09:08:58 +0000] "GET /assets/js/script/payment.js?_=1511514532949 HTTP/1.1" 200 1903 "http://localhost:8081/" "Mozilla/5.0 (Macintosh; Intel Mac OS X 10_12_6) AppleWebKit/537.36 (KHTML, like Gecko) Chrome/62.0.3202.94 Safari/537.36"
0:0:0:0:0:0:0:1 - - [24/Nov/2017:09:09:03 +0000] "GET /content/login.html HTTP/1.1" 304 0 "http://localhost:8081/" "Mozilla/5.0 (Macintosh; Intel Mac OS X 10_12_6) AppleWebKit/537.36 (KHTML, like Gecko) Chrome/62.0.3202.94 Safari/537.36"
0:0:0:0:0:0:0:1 - - [24/Nov/2017:09:09:03 +0000] "GET /sample/login.js?_=1511514532950 HTTP/1.1" 200 138 "http://localhost:8081/" "Mozilla/5.0 (Macintosh; Intel Mac OS X 10_12_6) AppleWebKit/537.36 (KHTML, like Gecko) Chrome/62.0.3202.94 Safari/537.36"
0:0:0:0:0:0:0:1 - - [24/Nov/2017:09:09:07 +0000] "GET /admin HTTP/1.1" 302 0 "http://localhost:8081/" "Mozilla/5.0 (Macintosh; Intel Mac OS X 10_12_6) AppleWebKit/537.36 (KHTML, like Gecko) Chrome/62.0.3202.94 Safari/537.36"
0:0:0:0:0:0:0:1 - - [24/Nov/2017:09:09:07 +0000] "GET /sample/admin-icpay.js HTTP/1.1" 304 0 "http://localhost:8081/admin/" "Mozilla/5.0 (Macintosh; Intel Mac OS X 10_12_6) AppleWebKit/537.36 (KHTML, like Gecko) Chrome/62.0.3202.94 Safari/537.36"
0:0:0:0:0:0:0:1 - - [24/Nov/2017:09:09:07 +0000] "GET /common/header-test.html HTTP/1.1" 200 1060 "http://localhost:8081/admin/" "Mozilla/5.0 (Macintosh; Intel Mac OS X 10_12_6) AppleWebKit/537.36 (KHTML, like Gecko) Chrome/62.0.3202.94 Safari/537.36"
0:0:0:0:0:0:0:1 - - [24/Nov/2017:09:09:07 +0000] "GET /content/admin/dashboard.html HTTP/1.1" 404 343 "http://localhost:8081/admin/" "Mozilla/5.0 (Macintosh; Intel Mac OS X 10_12_6) AppleWebKit/537.36 (KHTML, like Gecko) Chrome/62.0.3202.94 Safari/537.36"
0:0:0:0:0:0:0:1 - - [24/Nov/2017:09:09:10 +0000] "GET /sample/icpay.js HTTP/1.1" 304 0 "http://localhost:8081/" "Mozilla/5.0 (Macintosh; Intel Mac OS X 10_12_6) AppleWebKit/537.36 (KHTML, like Gecko) Chrome/62.0.3202.94 Safari/537.36"
0:0:0:0:0:0:0:1 - - [24/Nov/2017:09:09:10 +0000] "GET /common/footer.html HTTP/1.1" 304 0 "http://localhost:8081/" "Mozilla/5.0 (Macintosh; Intel Mac OS X 10_12_6) AppleWebKit/537.36 (KHTML, like Gecko) Chrome/62.0.3202.94 Safari/537.36"
0:0:0:0:0:0:0:1 - - [24/Nov/2017:09:09:10 +0000] "GET /assets/js/script/pendapatan.js?_=1511514550452 HTTP/1.1" 200 1929 "http://localhost:8081/" "Mozilla/5.0 (Macintosh; Intel Mac OS X 10_12_6) AppleWebKit/537.36 (KHTML, like Gecko) Chrome/62.0.3202.94 Safari/537.36"
0:0:0:0:0:0:0:1 - - [24/Nov/2017:09:09:11 +0000] "GET /assets/js/script/pendapatan.js?_=1511514550453 HTTP/1.1" 200 1929 "http://localhost:8081/" "Mozilla/5.0 (Macintosh; Intel Mac OS X 10_12_6) AppleWebKit/537.36 (KHTML, like Gecko) Chrome/62.0.3202.94 Safari/537.36"
0:0:0:0:0:0:0:1 - - [24/Nov/2017:09:21:01 +0000] "GET / HTTP/1.1" 200 1537 "-" "Mozilla/5.0 (Windows NT 6.3; Win64; x64) AppleWebKit/537.36 (KHTML, like Gecko) Chrome/62.0.3202.94 Safari/537.36"
0:0:0:0:0:0:0:1 - - [24/Nov/2017:09:21:01 +0000] "GET /assets/css/stylesheets.css HTTP/1.1" 200 2781 "http://localhost:9090/" "Mozilla/5.0 (Windows NT 6.3; Win64; x64) AppleWebKit/537.36 (KHTML, like Gecko) Chrome/62.0.3202.94 Safari/537.36"
0:0:0:0:0:0:0:1 - - [24/Nov/2017:09:21:02 +0000] "GET /assets/js/plugins/jquery/jquery-migrate.min.js HTTP/1.1" 200 7199 "http://localhost:9090/" "Mozilla/5.0 (Windows NT 6.3; Win64; x64) AppleWebKit/537.36 (KHTML, like Gecko) Chrome/62.0.3202.94 Safari/537.36"
0:0:0:0:0:0:0:1 - - [24/Nov/2017:09:21:02 +0000] "GET /assets/js/plugins/bootstrap/bootstrap.min.js HTTP/1.1" 200 34653 "http://localhost:9090/" "Mozilla/5.0 (Windows NT 6.3; Win64; x64) AppleWebKit/537.36 (KHTML, like Gecko) Chrome/62.0.3202.94 Safari/537.36"
0:0:0:0:0:0:0:1 - - [24/Nov/2017:09:21:01 +0000] "GET /assets/js/plugins/jquery/jquery.min.js HTTP/1.1" 200 83612 "http://localhost:9090/" "Mozilla/5.0 (Windows NT 6.3; Win64; x64) AppleWebKit/537.36 (KHTML, like Gecko) Chrome/62.0.3202.94 Safari/537.36"
0:0:0:0:0:0:0:1 - - [24/Nov/2017:09:21:02 +0000] "GET /assets/js/plugins/datatables/jquery.dataTables.min.js HTTP/1.1" 200 70857 "http://localhost:9090/" "Mozilla/5.0 (Windows NT 6.3; Win64; x64) AppleWebKit/537.36 (KHTML, like Gecko) Chrome/62.0.3202.94 Safari/537.36"
0:0:0:0:0:0:0:1 - - [24/Nov/2017:09:21:02 +0000] "GET /assets/css/bootstrap/bootstrap.min.css HTTP/1.1" 200 114011 "http://localhost:9090/" "Mozilla/5.0 (Windows NT 6.3; Win64; x64) AppleWebKit/537.36 (KHTML, like Gecko) Chrome/62.0.3202.94 Safari/537.36"
0:0:0:0:0:0:0:1 - - [24/Nov/2017:09:21:02 +0000] "GET /assets/js/plugins/jquery/globalize.js HTTP/1.1" 200 45248 "http://localhost:9090/" "Mozilla/5.0 (Windows NT 6.3; Win64; x64) AppleWebKit/537.36 (KHTML, like Gecko) Chrome/62.0.3202.94 Safari/537.36"
0:0:0:0:0:0:0:1 - - [24/Nov/2017:09:21:02 +0000] "GET /assets/js/plugins/jquery/jquery-ui.min.js HTTP/1.1" 200 228137 "http://localhost:9090/" "Mozilla/5.0 (Windows NT 6.3; Win64; x64) AppleWebKit/537.36 (KHTML, like Gecko) Chrome/62.0.3202.94 Safari/537.36"
0:0:0:0:0:0:0:1 - - [24/Nov/2017:09:21:02 +0000] "GET /assets/css/jquery/jquery-ui.min.css HTTP/1.1" 200 27285 "http://localhost:9090/" "Mozilla/5.0 (Windows NT 6.3; Win64; x64) AppleWebKit/537.36 (KHTML, like Gecko) Chrome/62.0.3202.94 Safari/537.36"
0:0:0:0:0:0:0:1 - - [24/Nov/2017:09:21:02 +0000] "GET /assets/css/mcustomscrollbar/jquery.mCustomScrollbar.css HTTP/1.1" 200 13765 "http://localhost:9090/" "Mozilla/5.0 (Windows NT 6.3; Win64; x64) AppleWebKit/537.36 (KHTML, like Gecko) Chrome/62.0.3202.94 Safari/537.36"
0:0:0:0:0:0:0:1 - - [24/Nov/2017:09:21:02 +0000] "GET /assets/css/icons/font-awesome.min.css HTTP/1.1" 200 22089 "http://localhost:9090/" "Mozilla/5.0 (Windows NT 6.3; Win64; x64) AppleWebKit/537.36 (KHTML, like Gecko) Chrome/62.0.3202.94 Safari/537.36"
0:0:0:0:0:0:0:1 - - [24/Nov/2017:09:21:02 +0000] "GET /assets/css/codemirror/codemirror.css HTTP/1.1" 200 6094 "http://localhost:9090/" "Mozilla/5.0 (Windows NT 6.3; Win64; x64) AppleWebKit/537.36 (KHTML, like Gecko) Chrome/62.0.3202.94 Safari/537.36"
0:0:0:0:0:0:0:1 - - [24/Nov/2017:09:21:02 +0000] "GET /assets/css/validationengine/validationEngine.css HTTP/1.1" 200 2889 "http://localhost:9090/" "Mozilla/5.0 (Windows NT 6.3; Win64; x64) AppleWebKit/537.36 (KHTML, like Gecko) Chrome/62.0.3202.94 Safari/537.36"
0:0:0:0:0:0:0:1 - - [24/Nov/2017:09:21:02 +0000] "GET /assets/css/shbrush/shThemeDefault.css HTTP/1.1" 200 2906 "http://localhost:9090/" "Mozilla/5.0 (Windows NT 6.3; Win64; x64) AppleWebKit/537.36 (KHTML, like Gecko) Chrome/62.0.3202.94 Safari/537.36"
0:0:0:0:0:0:0:1 - - [24/Nov/2017:09:21:02 +0000] "GET /assets/css/select2/select2.css HTTP/1.1" 200 12911 "http://localhost:9090/" "Mozilla/5.0 (Windows NT 6.3; Win64; x64) AppleWebKit/537.36 (KHTML, like Gecko) Chrome/62.0.3202.94 Safari/537.36"
0:0:0:0:0:0:0:1 - - [24/Nov/2017:09:21:02 +0000] "GET /assets/css/fullcalendar/fullcalendar.css HTTP/1.1" 200 10153 "http://localhost:9090/" "Mozilla/5.0 (Windows NT 6.3; Win64; x64) AppleWebKit/537.36 (KHTML, like Gecko) Chrome/62.0.3202.94 Safari/537.36"
0:0:0:0:0:0:0:1 - - [24/Nov/2017:09:21:02 +0000] "GET /assets/css/cleditor/jquery.cleditor.css HTTP/1.1" 200 1429 "http://localhost:9090/" "Mozilla/5.0 (Windows NT 6.3; Win64; x64) AppleWebKit/537.36 (KHTML, like Gecko) Chrome/62.0.3202.94 Safari/537.36"
0:0:0:0:0:0:0:1 - - [24/Nov/2017:09:21:02 +0000] "GET /assets/css/fancybox/jquery.fancybox.css HTTP/1.1" 200 4129 "http://localhost:9090/" "Mozilla/5.0 (Windows NT 6.3; Win64; x64) AppleWebKit/537.36 (KHTML, like Gecko) Chrome/62.0.3202.94 Safari/537.36"
0:0:0:0:0:0:0:1 - - [24/Nov/2017:09:21:02 +0000] "GET /assets/css/shbrush/shCoreDefault.css HTTP/1.1" 200 8597 "http://localhost:9090/" "Mozilla/5.0 (Windows NT 6.3; Win64; x64) AppleWebKit/537.36 (KHTML, like Gecko) Chrome/62.0.3202.94 Safari/537.36"
0:0:0:0:0:0:0:1 - - [24/Nov/2017:09:21:02 +0000] "GET /assets/css/themes.css HTTP/1.1" 200 5054 "http://localhost:9090/" "Mozilla/5.0 (Windows NT 6.3; Win64; x64) AppleWebKit/537.36 (KHTML, like Gecko) Chrome/62.0.3202.94 Safari/537.36"
0:0:0:0:0:0:0:1 - - [24/Nov/2017:09:21:02 +0000] "GET /assets/css/mystyles.css HTTP/1.1" 200 0 "http://localhost:9090/" "Mozilla/5.0 (Windows NT 6.3; Win64; x64) AppleWebKit/537.36 (KHTML, like Gecko) Chrome/62.0.3202.94 Safari/537.36"
0:0:0:0:0:0:0:1 - - [24/Nov/2017:09:21:02 +0000] "GET /assets/css/stylesheet.css HTTP/1.1" 200 69877 "http://localhost:9090/" "Mozilla/5.0 (Windows NT 6.3; Win64; x64) AppleWebKit/537.36 (KHTML, like Gecko) Chrome/62.0.3202.94 Safari/537.36"
0:0:0:0:0:0:0:1 - - [24/Nov/2017:09:21:02 +0000] "GET /assets/css/backgrounds.css HTTP/1.1" 200 6244 "http://localhost:9090/" "Mozilla/5.0 (Windows NT 6.3; Win64; x64) AppleWebKit/537.36 (KHTML, like Gecko) Chrome/62.0.3202.94 Safari/537.36"
0:0:0:0:0:0:0:1 - - [24/Nov/2017:09:21:02 +0000] "GET /assets/css/filetree/jqueryFileTree.css HTTP/1.1" 200 6597 "http://localhost:9090/" "Mozilla/5.0 (Windows NT 6.3; Win64; x64) AppleWebKit/537.36 (KHTML, like Gecko) Chrome/62.0.3202.94 Safari/537.36"
0:0:0:0:0:0:0:1 - - [24/Nov/2017:09:21:02 +0000] "GET /assets/css/elfinder/elfinder.min.css HTTP/1.1" 200 33655 "http://localhost:9090/" "Mozilla/5.0 (Windows NT 6.3; Win64; x64) AppleWebKit/537.36 (KHTML, like Gecko) Chrome/62.0.3202.94 Safari/537.36"
0:0:0:0:0:0:0:1 - - [24/Nov/2017:09:21:02 +0000] "GET /sample/icpay.js HTTP/1.1" 200 678 "http://localhost:9090/" "Mozilla/5.0 (Windows NT 6.3; Win64; x64) AppleWebKit/537.36 (KHTML, like Gecko) Chrome/62.0.3202.94 Safari/537.36"
0:0:0:0:0:0:0:1 - - [24/Nov/2017:09:21:02 +0000] "GET /assets/js/plugins/mcustomscrollbar/jquery.mCustomScrollbar.min.js HTTP/1.1" 200 24110 "http://localhost:9090/" "Mozilla/5.0 (Windows NT 6.3; Win64; x64) AppleWebKit/537.36 (KHTML, like Gecko) Chrome/62.0.3202.94 Safari/537.36"
0:0:0:0:0:0:0:1 - - [24/Nov/2017:09:21:02 +0000] "GET /assets/js/plugins/flot/jquery.flot.js HTTP/1.1" 200 119385 "http://localhost:9090/" "Mozilla/5.0 (Windows NT 6.3; Win64; x64) AppleWebKit/537.36 (KHTML, like Gecko) Chrome/62.0.3202.94 Safari/537.36"
0:0:0:0:0:0:0:1 - - [24/Nov/2017:09:21:02 +0000] "GET /assets/js/plugins/knob/jquery.knob.js HTTP/1.1" 200 24013 "http://localhost:9090/" "Mozilla/5.0 (Windows NT 6.3; Win64; x64) AppleWebKit/537.36 (KHTML, like Gecko) Chrome/62.0.3202.94 Safari/537.36"
0:0:0:0:0:0:0:1 - - [24/Nov/2017:09:21:02 +0000] "GET /assets/js/plugins/sparkline/jquery.sparkline.min.js HTTP/1.1" 200 43227 "http://localhost:9090/" "Mozilla/5.0 (Windows NT 6.3; Win64; x64) AppleWebKit/537.36 (KHTML, like Gecko) Chrome/62.0.3202.94 Safari/537.36"
0:0:0:0:0:0:0:1 - - [24/Nov/2017:09:21:02 +0000] "GET /assets/js/plugins/flot/jquery.flot.resize.js HTTP/1.1" 200 3135 "http://localhost:9090/" "Mozilla/5.0 (Windows NT 6.3; Win64; x64) AppleWebKit/537.36 (KHTML, like Gecko) Chrome/62.0.3202.94 Safari/537.36"
0:0:0:0:0:0:0:1 - - [24/Nov/2017:09:21:02 +0000] "GET /assets/js/plugins/uniform/jquery.uniform.min.js HTTP/1.1" 200 8308 "http://localhost:9090/" "Mozilla/5.0 (Windows NT 6.3; Win64; x64) AppleWebKit/537.36 (KHTML, like Gecko) Chrome/62.0.3202.94 Safari/537.36"
0:0:0:0:0:0:0:1 - - [24/Nov/2017:09:21:02 +0000] "GET /common/header.html HTTP/1.1" 200 1469 "http://localhost:9090/" "Mozilla/5.0 (Windows NT 6.3; Win64; x64) AppleWebKit/537.36 (KHTML, like Gecko) Chrome/62.0.3202.94 Safari/537.36"
0:0:0:0:0:0:0:1 - - [24/Nov/2017:09:21:02 +0000] "GET /common/footer.html HTTP/1.1" 200 281 "http://localhost:9090/" "Mozilla/5.0 (Windows NT 6.3; Win64; x64) AppleWebKit/537.36 (KHTML, like Gecko) Chrome/62.0.3202.94 Safari/537.36"
0:0:0:0:0:0:0:1 - - [24/Nov/2017:09:21:02 +0000] "GET /content/pendapatan.html HTTP/1.1" 200 219 "http://localhost:9090/" "Mozilla/5.0 (Windows NT 6.3; Win64; x64) AppleWebKit/537.36 (KHTML, like Gecko) Chrome/62.0.3202.94 Safari/537.36"
0:0:0:0:0:0:0:1 - - [24/Nov/2017:09:21:02 +0000] "GET /assets/js/script/pendapatan.js?_=1511515262380 HTTP/1.1" 200 1929 "http://localhost:9090/" "Mozilla/5.0 (Windows NT 6.3; Win64; x64) AppleWebKit/537.36 (KHTML, like Gecko) Chrome/62.0.3202.94 Safari/537.36"
0:0:0:0:0:0:0:1 - - [24/Nov/2017:09:21:02 +0000] "GET /assets/img/background/bt_cubs.png HTTP/1.1" 200 193 "http://localhost:9090/assets/css/stylesheet.css" "Mozilla/5.0 (Windows NT 6.3; Win64; x64) AppleWebKit/537.36 (KHTML, like Gecko) Chrome/62.0.3202.94 Safari/537.36"
0:0:0:0:0:0:0:1 - - [24/Nov/2017:09:21:02 +0000] "GET /favicon.ico HTTP/1.1" 404 326 "http://localhost:9090/" "Mozilla/5.0 (Windows NT 6.3; Win64; x64) AppleWebKit/537.36 (KHTML, like Gecko) Chrome/62.0.3202.94 Safari/537.36"
0:0:0:0:0:0:0:1 - - [24/Nov/2017:09:21:20 +0000] "GET /content/login.html HTTP/1.1" 200 2239 "http://localhost:9090/" "Mozilla/5.0 (Windows NT 6.3; Win64; x64) AppleWebKit/537.36 (KHTML, like Gecko) Chrome/62.0.3202.94 Safari/537.36"
0:0:0:0:0:0:0:1 - - [24/Nov/2017:09:21:20 +0000] "GET /sample/login.js?_=1511515262381 HTTP/1.1" 200 138 "http://localhost:9090/" "Mozilla/5.0 (Windows NT 6.3; Win64; x64) AppleWebKit/537.36 (KHTML, like Gecko) Chrome/62.0.3202.94 Safari/537.36"
0:0:0:0:0:0:0:1 - - [24/Nov/2017:09:21:20 +0000] "GET /assets/css/fonts/fontawesome-webfont.woff?v=3.2.1 HTTP/1.1" 200 43572 "http://localhost:9090/assets/css/icons/font-awesome.min.css" "Mozilla/5.0 (Windows NT 6.3; Win64; x64) AppleWebKit/537.36 (KHTML, like Gecko) Chrome/62.0.3202.94 Safari/537.36"
0:0:0:0:0:0:0:1 - - [24/Nov/2017:09:21:20 +0000] "GET /assets/img/example/user/dmitry_b.jpg HTTP/1.1" 200 21402 "http://localhost:9090/" "Mozilla/5.0 (Windows NT 6.3; Win64; x64) AppleWebKit/537.36 (KHTML, like Gecko) Chrome/62.0.3202.94 Safari/537.36"
0:0:0:0:0:0:0:1 - - [24/Nov/2017:09:21:23 +0000] "GET /admin HTTP/1.1" 302 0 "http://localhost:9090/" "Mozilla/5.0 (Windows NT 6.3; Win64; x64) AppleWebKit/537.36 (KHTML, like Gecko) Chrome/62.0.3202.94 Safari/537.36"
0:0:0:0:0:0:0:1 - - [24/Nov/2017:09:21:23 +0000] "GET /admin/ HTTP/1.1" 200 1597 "http://localhost:9090/" "Mozilla/5.0 (Windows NT 6.3; Win64; x64) AppleWebKit/537.36 (KHTML, like Gecko) Chrome/62.0.3202.94 Safari/537.36"
0:0:0:0:0:0:0:1 - - [24/Nov/2017:09:21:23 +0000] "GET /sample/admin-icpay.js HTTP/1.1" 200 205 "http://localhost:9090/admin/" "Mozilla/5.0 (Windows NT 6.3; Win64; x64) AppleWebKit/537.36 (KHTML, like Gecko) Chrome/62.0.3202.94 Safari/537.36"
0:0:0:0:0:0:0:1 - - [24/Nov/2017:09:21:23 +0000] "GET /common/header-test.html HTTP/1.1" 200 1060 "http://localhost:9090/admin/" "Mozilla/5.0 (Windows NT 6.3; Win64; x64) AppleWebKit/537.36 (KHTML, like Gecko) Chrome/62.0.3202.94 Safari/537.36"
0:0:0:0:0:0:0:1 - - [24/Nov/2017:09:21:23 +0000] "GET /content/admin/expired.html HTTP/1.1" 200 590 "http://localhost:9090/admin/" "Mozilla/5.0 (Windows NT 6.3; Win64; x64) AppleWebKit/537.36 (KHTML, like Gecko) Chrome/62.0.3202.94 Safari/537.36"
0:0:0:0:0:0:0:1 - - [24/Nov/2017:09:21:23 +0000] "GET /assets/js/script/expired.js?_=1511515283678 HTTP/1.1" 200 31 "http://localhost:9090/admin/" "Mozilla/5.0 (Windows NT 6.3; Win64; x64) AppleWebKit/537.36 (KHTML, like Gecko) Chrome/62.0.3202.94 Safari/537.36"
0:0:0:0:0:0:0:1 - - [24/Nov/2017:09:21:30 +0000] "GET /assets/img/background/bt_cubs_a.png HTTP/1.1" 200 193 "http://localhost:9090/assets/css/stylesheet.css" "Mozilla/5.0 (Windows NT 6.3; Win64; x64) AppleWebKit/537.36 (KHTML, like Gecko) Chrome/62.0.3202.94 Safari/537.36"
0:0:0:0:0:0:0:1 - - [24/Nov/2017:09:21:52 +0000] "GET /assets/js/script/pendapatan.js?_=1511515311959 HTTP/1.1" 200 1929 "http://localhost:9090/" "Mozilla/5.0 (Windows NT 6.3; Win64; x64) AppleWebKit/537.36 (KHTML, like Gecko) Chrome/62.0.3202.94 Safari/537.36"
0:0:0:0:0:0:0:1 - - [24/Nov/2017:09:21:55 +0000] "GET /sample/login.js?_=1511515311960 HTTP/1.1" 200 138 "http://localhost:9090/" "Mozilla/5.0 (Windows NT 6.3; Win64; x64) AppleWebKit/537.36 (KHTML, like Gecko) Chrome/62.0.3202.94 Safari/537.36"
0:0:0:0:0:0:0:1 - - [24/Nov/2017:09:21:59 +0000] "GET /assets/js/script/pendapatan.js?_=1511515311961 HTTP/1.1" 200 1929 "http://localhost:9090/" "Mozilla/5.0 (Windows NT 6.3; Win64; x64) AppleWebKit/537.36 (KHTML, like Gecko) Chrome/62.0.3202.94 Safari/537.36"
0:0:0:0:0:0:0:1 - - [24/Nov/2017:09:26:01 +0000] "GET / HTTP/1.1" 304 0 "http://localhost:9090/admin/" "Mozilla/5.0 (Windows NT 6.3; Win64; x64) AppleWebKit/537.36 (KHTML, like Gecko) Chrome/62.0.3202.94 Safari/537.36"
0:0:0:0:0:0:0:1 - - [24/Nov/2017:09:26:01 +0000] "GET /sample/icpay.js HTTP/1.1" 200 673 "http://localhost:9090/" "Mozilla/5.0 (Windows NT 6.3; Win64; x64) AppleWebKit/537.36 (KHTML, like Gecko) Chrome/62.0.3202.94 Safari/537.36"
0:0:0:0:0:0:0:1 - - [24/Nov/2017:09:26:01 +0000] "GET /common/footer.html HTTP/1.1" 304 0 "http://localhost:9090/" "Mozilla/5.0 (Windows NT 6.3; Win64; x64) AppleWebKit/537.36 (KHTML, like Gecko) Chrome/62.0.3202.94 Safari/537.36"
0:0:0:0:0:0:0:1 - - [24/Nov/2017:09:26:01 +0000] "GET /sample/login.js?_=1511515561745 HTTP/1.1" 200 138 "http://localhost:9090/" "Mozilla/5.0 (Windows NT 6.3; Win64; x64) AppleWebKit/537.36 (KHTML, like Gecko) Chrome/62.0.3202.94 Safari/537.36"
0:0:0:0:0:0:0:1 - - [24/Nov/2017:09:26:28 +0000] "GET / HTTP/1.1" 304 0 "http://localhost:9090/admin/" "Mozilla/5.0 (Windows NT 6.3; Win64; x64) AppleWebKit/537.36 (KHTML, like Gecko) Chrome/62.0.3202.94 Safari/537.36"
0:0:0:0:0:0:0:1 - - [24/Nov/2017:09:26:28 +0000] "GET /sample/icpay.js HTTP/1.1" 200 677 "http://localhost:9090/" "Mozilla/5.0 (Windows NT 6.3; Win64; x64) AppleWebKit/537.36 (KHTML, like Gecko) Chrome/62.0.3202.94 Safari/537.36"
0:0:0:0:0:0:0:1 - - [24/Nov/2017:09:26:28 +0000] "GET /sample/login.js?_=1511515588569 HTTP/1.1" 200 138 "http://localhost:9090/" "Mozilla/5.0 (Windows NT 6.3; Win64; x64) AppleWebKit/537.36 (KHTML, like Gecko) Chrome/62.0.3202.94 Safari/537.36"
0:0:0:0:0:0:0:1 - - [24/Nov/2017:09:26:32 +0000] "GET /admin HTTP/1.1" 302 0 "http://localhost:9090/" "Mozilla/5.0 (Windows NT 6.3; Win64; x64) AppleWebKit/537.36 (KHTML, like Gecko) Chrome/62.0.3202.94 Safari/537.36"
0:0:0:0:0:0:0:1 - - [24/Nov/2017:09:26:32 +0000] "GET /common/header-test.html HTTP/1.1" 304 0 "http://localhost:9090/admin/" "Mozilla/5.0 (Windows NT 6.3; Win64; x64) AppleWebKit/537.36 (KHTML, like Gecko) Chrome/62.0.3202.94 Safari/537.36"
0:0:0:0:0:0:0:1 - - [24/Nov/2017:09:26:32 +0000] "GET /assets/js/script/expired.js?_=1511515592337 HTTP/1.1" 200 31 "http://localhost:9090/admin/" "Mozilla/5.0 (Windows NT 6.3; Win64; x64) AppleWebKit/537.36 (KHTML, like Gecko) Chrome/62.0.3202.94 Safari/537.36"
0:0:0:0:0:0:0:1 - - [24/Nov/2017:09:42:30 +0000] "GET / HTTP/1.1" 304 0 "http://localhost:9090/admin/" "Mozilla/5.0 (Windows NT 6.3; Win64; x64) AppleWebKit/537.36 (KHTML, like Gecko) Chrome/62.0.3202.94 Safari/537.36"
0:0:0:0:0:0:0:1 - - [24/Nov/2017:09:42:30 +0000] "GET /sample/icpay.js HTTP/1.1" 304 0 "http://localhost:9090/" "Mozilla/5.0 (Windows NT 6.3; Win64; x64) AppleWebKit/537.36 (KHTML, like Gecko) Chrome/62.0.3202.94 Safari/537.36"
0:0:0:0:0:0:0:1 - - [24/Nov/2017:09:42:30 +0000] "GET /common/footer.html HTTP/1.1" 304 0 "http://localhost:9090/" "Mozilla/5.0 (Windows NT 6.3; Win64; x64) AppleWebKit/537.36 (KHTML, like Gecko) Chrome/62.0.3202.94 Safari/537.36"
0:0:0:0:0:0:0:1 - - [24/Nov/2017:09:42:30 +0000] "GET /sample/login.js?_=1511516550182 HTTP/1.1" 200 138 "http://localhost:9090/" "Mozilla/5.0 (Windows NT 6.3; Win64; x64) AppleWebKit/537.36 (KHTML, like Gecko) Chrome/62.0.3202.94 Safari/537.36"
0:0:0:0:0:0:0:1 - - [24/Nov/2017:09:42:31 +0000] "GET /admin HTTP/1.1" 302 0 "http://localhost:9090/" "Mozilla/5.0 (Windows NT 6.3; Win64; x64) AppleWebKit/537.36 (KHTML, like Gecko) Chrome/62.0.3202.94 Safari/537.36"
0:0:0:0:0:0:0:1 - - [24/Nov/2017:09:42:32 +0000] "GET /common/header-test.html HTTP/1.1" 304 0 "http://localhost:9090/admin/" "Mozilla/5.0 (Windows NT 6.3; Win64; x64) AppleWebKit/537.36 (KHTML, like Gecko) Chrome/62.0.3202.94 Safari/537.36"
0:0:0:0:0:0:0:1 - - [24/Nov/2017:09:42:32 +0000] "GET /assets/js/script/expired.js?_=1511516552046 HTTP/1.1" 200 31 "http://localhost:9090/admin/" "Mozilla/5.0 (Windows NT 6.3; Win64; x64) AppleWebKit/537.36 (KHTML, like Gecko) Chrome/62.0.3202.94 Safari/537.36"
0:0:0:0:0:0:0:1 - - [24/Nov/2017:09:43:29 +0000] "GET /admin/ HTTP/1.1" 304 0 "http://localhost:9090/" "Mozilla/5.0 (Windows NT 6.3; Win64; x64) AppleWebKit/537.36 (KHTML, like Gecko) Chrome/62.0.3202.94 Safari/537.36"
0:0:0:0:0:0:0:1 - - [24/Nov/2017:09:43:29 +0000] "GET /assets/js/script/expired.js?_=1511516609444 HTTP/1.1" 200 31 "http://localhost:9090/admin/" "Mozilla/5.0 (Windows NT 6.3; Win64; x64) AppleWebKit/537.36 (KHTML, like Gecko) Chrome/62.0.3202.94 Safari/537.36"
0:0:0:0:0:0:0:1 - - [24/Nov/2017:09:43:34 +0000] "GET /admin/ HTTP/1.1" 304 0 "http://localhost:9090/" "Mozilla/5.0 (Windows NT 6.3; Win64; x64) AppleWebKit/537.36 (KHTML, like Gecko) Chrome/62.0.3202.94 Safari/537.36"
0:0:0:0:0:0:0:1 - - [24/Nov/2017:09:43:34 +0000] "GET /assets/js/script/expired.js?_=1511516614534 HTTP/1.1" 200 31 "http://localhost:9090/admin/" "Mozilla/5.0 (Windows NT 6.3; Win64; x64) AppleWebKit/537.36 (KHTML, like Gecko) Chrome/62.0.3202.94 Safari/537.36"
0:0:0:0:0:0:0:1 - - [24/Nov/2017:09:43:37 +0000] "GET /admin/ HTTP/1.1" 200 1597 "http://localhost:9090/" "Mozilla/5.0 (Windows NT 6.3; Win64; x64) AppleWebKit/537.36 (KHTML, like Gecko) Chrome/62.0.3202.94 Safari/537.36"
0:0:0:0:0:0:0:1 - - [24/Nov/2017:09:43:37 +0000] "GET /assets/css/stylesheets.css HTTP/1.1" 200 2781 "http://localhost:9090/admin/" "Mozilla/5.0 (Windows NT 6.3; Win64; x64) AppleWebKit/537.36 (KHTML, like Gecko) Chrome/62.0.3202.94 Safari/537.36"
0:0:0:0:0:0:0:1 - - [24/Nov/2017:09:43:37 +0000] "GET /assets/js/plugins/jquery/globalize.js HTTP/1.1" 200 45248 "http://localhost:9090/admin/" "Mozilla/5.0 (Windows NT 6.3; Win64; x64) AppleWebKit/537.36 (KHTML, like Gecko) Chrome/62.0.3202.94 Safari/537.36"
0:0:0:0:0:0:0:1 - - [24/Nov/2017:09:43:37 +0000] "GET /assets/js/plugins/bootstrap/bootstrap.min.js HTTP/1.1" 200 34653 "http://localhost:9090/admin/" "Mozilla/5.0 (Windows NT 6.3; Win64; x64) AppleWebKit/537.36 (KHTML, like Gecko) Chrome/62.0.3202.94 Safari/537.36"
0:0:0:0:0:0:0:1 - - [24/Nov/2017:09:43:37 +0000] "GET /assets/css/bootstrap/bootstrap.min.css HTTP/1.1" 200 114011 "http://localhost:9090/admin/" "Mozilla/5.0 (Windows NT 6.3; Win64; x64) AppleWebKit/537.36 (KHTML, like Gecko) Chrome/62.0.3202.94 Safari/537.36"
0:0:0:0:0:0:0:1 - - [24/Nov/2017:09:43:37 +0000] "GET /assets/js/plugins/jquery/jquery.min.js HTTP/1.1" 200 83612 "http://localhost:9090/admin/" "Mozilla/5.0 (Windows NT 6.3; Win64; x64) AppleWebKit/537.36 (KHTML, like Gecko) Chrome/62.0.3202.94 Safari/537.36"
0:0:0:0:0:0:0:1 - - [24/Nov/2017:09:43:37 +0000] "GET /assets/css/jquery/jquery-ui.min.css HTTP/1.1" 200 27285 "http://localhost:9090/admin/" "Mozilla/5.0 (Windows NT 6.3; Win64; x64) AppleWebKit/537.36 (KHTML, like Gecko) Chrome/62.0.3202.94 Safari/537.36"
0:0:0:0:0:0:0:1 - - [24/Nov/2017:09:43:37 +0000] "GET /assets/css/icons/font-awesome.min.css HTTP/1.1" 200 22089 "http://localhost:9090/admin/" "Mozilla/5.0 (Windows NT 6.3; Win64; x64) AppleWebKit/537.36 (KHTML, like Gecko) Chrome/62.0.3202.94 Safari/537.36"
0:0:0:0:0:0:0:1 - - [24/Nov/2017:09:43:37 +0000] "GET /assets/js/plugins/jquery/jquery-ui.min.js HTTP/1.1" 200 228137 "http://localhost:9090/admin/" "Mozilla/5.0 (Windows NT 6.3; Win64; x64) AppleWebKit/537.36 (KHTML, like Gecko) Chrome/62.0.3202.94 Safari/537.36"
0:0:0:0:0:0:0:1 - - [24/Nov/2017:09:43:37 +0000] "GET /assets/css/mcustomscrollbar/jquery.mCustomScrollbar.css HTTP/1.1" 200 13765 "http://localhost:9090/admin/" "Mozilla/5.0 (Windows NT 6.3; Win64; x64) AppleWebKit/537.36 (KHTML, like Gecko) Chrome/62.0.3202.94 Safari/537.36"
0:0:0:0:0:0:0:1 - - [24/Nov/2017:09:43:37 +0000] "GET /assets/css/select2/select2.css HTTP/1.1" 200 12911 "http://localhost:9090/admin/" "Mozilla/5.0 (Windows NT 6.3; Win64; x64) AppleWebKit/537.36 (KHTML, like Gecko) Chrome/62.0.3202.94 Safari/537.36"
0:0:0:0:0:0:0:1 - - [24/Nov/2017:09:43:37 +0000] "GET /assets/css/shbrush/shThemeDefault.css HTTP/1.1" 200 2906 "http://localhost:9090/admin/" "Mozilla/5.0 (Windows NT 6.3; Win64; x64) AppleWebKit/537.36 (KHTML, like Gecko) Chrome/62.0.3202.94 Safari/537.36"
0:0:0:0:0:0:0:1 - - [24/Nov/2017:09:43:37 +0000] "GET /assets/css/codemirror/codemirror.css HTTP/1.1" 200 6094 "http://localhost:9090/admin/" "Mozilla/5.0 (Windows NT 6.3; Win64; x64) AppleWebKit/537.36 (KHTML, like Gecko) Chrome/62.0.3202.94 Safari/537.36"
0:0:0:0:0:0:0:1 - - [24/Nov/2017:09:43:37 +0000] "GET /assets/css/validationengine/validationEngine.css HTTP/1.1" 200 2889 "http://localhost:9090/admin/" "Mozilla/5.0 (Windows NT 6.3; Win64; x64) AppleWebKit/537.36 (KHTML, like Gecko) Chrome/62.0.3202.94 Safari/537.36"
0:0:0:0:0:0:0:1 - - [24/Nov/2017:09:43:37 +0000] "GET /assets/css/shbrush/shCoreDefault.css HTTP/1.1" 200 8597 "http://localhost:9090/admin/" "Mozilla/5.0 (Windows NT 6.3; Win64; x64) AppleWebKit/537.36 (KHTML, like Gecko) Chrome/62.0.3202.94 Safari/537.36"
0:0:0:0:0:0:0:1 - - [24/Nov/2017:09:43:37 +0000] "GET /assets/css/fancybox/jquery.fancybox.css HTTP/1.1" 200 4129 "http://localhost:9090/admin/" "Mozilla/5.0 (Windows NT 6.3; Win64; x64) AppleWebKit/537.36 (KHTML, like Gecko) Chrome/62.0.3202.94 Safari/537.36"
0:0:0:0:0:0:0:1 - - [24/Nov/2017:09:43:37 +0000] "GET /assets/css/fullcalendar/fullcalendar.css HTTP/1.1" 200 10153 "http://localhost:9090/admin/" "Mozilla/5.0 (Windows NT 6.3; Win64; x64) AppleWebKit/537.36 (KHTML, like Gecko) Chrome/62.0.3202.94 Safari/537.36"
0:0:0:0:0:0:0:1 - - [24/Nov/2017:09:43:37 +0000] "GET /assets/css/cleditor/jquery.cleditor.css HTTP/1.1" 200 1429 "http://localhost:9090/admin/" "Mozilla/5.0 (Windows NT 6.3; Win64; x64) AppleWebKit/537.36 (KHTML, like Gecko) Chrome/62.0.3202.94 Safari/537.36"
0:0:0:0:0:0:0:1 - - [24/Nov/2017:09:43:37 +0000] "GET /assets/css/elfinder/elfinder.min.css HTTP/1.1" 200 33655 "http://localhost:9090/admin/" "Mozilla/5.0 (Windows NT 6.3; Win64; x64) AppleWebKit/537.36 (KHTML, like Gecko) Chrome/62.0.3202.94 Safari/537.36"
0:0:0:0:0:0:0:1 - - [24/Nov/2017:09:43:37 +0000] "GET /assets/css/stylesheet.css HTTP/1.1" 200 69877 "http://localhost:9090/admin/" "Mozilla/5.0 (Windows NT 6.3; Win64; x64) AppleWebKit/537.36 (KHTML, like Gecko) Chrome/62.0.3202.94 Safari/537.36"
0:0:0:0:0:0:0:1 - - [24/Nov/2017:09:43:37 +0000] "GET /assets/js/plugins/jquery/jquery-migrate.min.js HTTP/1.1" 200 7199 "http://localhost:9090/admin/" "Mozilla/5.0 (Windows NT 6.3; Win64; x64) AppleWebKit/537.36 (KHTML, like Gecko) Chrome/62.0.3202.94 Safari/537.36"
0:0:0:0:0:0:0:1 - - [24/Nov/2017:09:43:37 +0000] "GET /assets/css/filetree/jqueryFileTree.css HTTP/1.1" 200 6597 "http://localhost:9090/admin/" "Mozilla/5.0 (Windows NT 6.3; Win64; x64) AppleWebKit/537.36 (KHTML, like Gecko) Chrome/62.0.3202.94 Safari/537.36"
0:0:0:0:0:0:0:1 - - [24/Nov/2017:09:43:37 +0000] "GET /assets/css/backgrounds.css HTTP/1.1" 200 6244 "http://localhost:9090/admin/" "Mozilla/5.0 (Windows NT 6.3; Win64; x64) AppleWebKit/537.36 (KHTML, like Gecko) Chrome/62.0.3202.94 Safari/537.36"
0:0:0:0:0:0:0:1 - - [24/Nov/2017:09:43:37 +0000] "GET /assets/css/mystyles.css HTTP/1.1" 200 0 "http://localhost:9090/admin/" "Mozilla/5.0 (Windows NT 6.3; Win64; x64) AppleWebKit/537.36 (KHTML, like Gecko) Chrome/62.0.3202.94 Safari/537.36"
0:0:0:0:0:0:0:1 - - [24/Nov/2017:09:43:37 +0000] "GET /assets/js/plugins/mcustomscrollbar/jquery.mCustomScrollbar.min.js HTTP/1.1" 200 24110 "http://localhost:9090/admin/" "Mozilla/5.0 (Windows NT 6.3; Win64; x64) AppleWebKit/537.36 (KHTML, like Gecko) Chrome/62.0.3202.94 Safari/537.36"
0:0:0:0:0:0:0:1 - - [24/Nov/2017:09:43:37 +0000] "GET /sample/admin-icpay.js HTTP/1.1" 200 205 "http://localhost:9090/admin/" "Mozilla/5.0 (Windows NT 6.3; Win64; x64) AppleWebKit/537.36 (KHTML, like Gecko) Chrome/62.0.3202.94 Safari/537.36"
0:0:0:0:0:0:0:1 - - [24/Nov/2017:09:43:37 +0000] "GET /assets/js/plugins/sparkline/jquery.sparkline.min.js HTTP/1.1" 200 43227 "http://localhost:9090/admin/" "Mozilla/5.0 (Windows NT 6.3; Win64; x64) AppleWebKit/537.36 (KHTML, like Gecko) Chrome/62.0.3202.94 Safari/537.36"
0:0:0:0:0:0:0:1 - - [24/Nov/2017:09:43:37 +0000] "GET /assets/css/themes.css HTTP/1.1" 200 5054 "http://localhost:9090/admin/" "Mozilla/5.0 (Windows NT 6.3; Win64; x64) AppleWebKit/537.36 (KHTML, like Gecko) Chrome/62.0.3202.94 Safari/537.36"
0:0:0:0:0:0:0:1 - - [24/Nov/2017:09:43:37 +0000] "GET /assets/js/plugins/uniform/jquery.uniform.min.js HTTP/1.1" 200 8308 "http://localhost:9090/admin/" "Mozilla/5.0 (Windows NT 6.3; Win64; x64) AppleWebKit/537.36 (KHTML, like Gecko) Chrome/62.0.3202.94 Safari/537.36"
0:0:0:0:0:0:0:1 - - [24/Nov/2017:09:43:37 +0000] "GET /assets/js/plugins/knob/jquery.knob.js HTTP/1.1" 200 24013 "http://localhost:9090/admin/" "Mozilla/5.0 (Windows NT 6.3; Win64; x64) AppleWebKit/537.36 (KHTML, like Gecko) Chrome/62.0.3202.94 Safari/537.36"
0:0:0:0:0:0:0:1 - - [24/Nov/2017:09:43:37 +0000] "GET /assets/js/plugins/datatables/jquery.dataTables.min.js HTTP/1.1" 200 70857 "http://localhost:9090/admin/" "Mozilla/5.0 (Windows NT 6.3; Win64; x64) AppleWebKit/537.36 (KHTML, like Gecko) Chrome/62.0.3202.94 Safari/537.36"
0:0:0:0:0:0:0:1 - - [24/Nov/2017:09:43:37 +0000] "GET /assets/js/plugins/flot/jquery.flot.resize.js HTTP/1.1" 200 3135 "http://localhost:9090/admin/" "Mozilla/5.0 (Windows NT 6.3; Win64; x64) AppleWebKit/537.36 (KHTML, like Gecko) Chrome/62.0.3202.94 Safari/537.36"
0:0:0:0:0:0:0:1 - - [24/Nov/2017:09:43:37 +0000] "GET /assets/js/plugins/flot/jquery.flot.js HTTP/1.1" 200 119385 "http://localhost:9090/admin/" "Mozilla/5.0 (Windows NT 6.3; Win64; x64) AppleWebKit/537.36 (KHTML, like Gecko) Chrome/62.0.3202.94 Safari/537.36"
0:0:0:0:0:0:0:1 - - [24/Nov/2017:09:43:37 +0000] "GET /common/header-test.html HTTP/1.1" 200 1060 "http://localhost:9090/admin/" "Mozilla/5.0 (Windows NT 6.3; Win64; x64) AppleWebKit/537.36 (KHTML, like Gecko) Chrome/62.0.3202.94 Safari/537.36"
0:0:0:0:0:0:0:1 - - [24/Nov/2017:09:43:37 +0000] "GET /common/footer.html HTTP/1.1" 200 281 "http://localhost:9090/admin/" "Mozilla/5.0 (Windows NT 6.3; Win64; x64) AppleWebKit/537.36 (KHTML, like Gecko) Chrome/62.0.3202.94 Safari/537.36"
0:0:0:0:0:0:0:1 - - [24/Nov/2017:09:43:37 +0000] "GET /content/admin/expired.html HTTP/1.1" 200 8858 "http://localhost:9090/admin/" "Mozilla/5.0 (Windows NT 6.3; Win64; x64) AppleWebKit/537.36 (KHTML, like Gecko) Chrome/62.0.3202.94 Safari/537.36"
0:0:0:0:0:0:0:1 - - [24/Nov/2017:09:43:37 +0000] "GET /assets/img/background/bt_cubs.png HTTP/1.1" 200 193 "http://localhost:9090/assets/css/stylesheet.css" "Mozilla/5.0 (Windows NT 6.3; Win64; x64) AppleWebKit/537.36 (KHTML, like Gecko) Chrome/62.0.3202.94 Safari/537.36"
0:0:0:0:0:0:0:1 - - [24/Nov/2017:09:43:37 +0000] "GET /assets/js/script/expired.js?_=1511516617864 HTTP/1.1" 200 31 "http://localhost:9090/admin/" "Mozilla/5.0 (Windows NT 6.3; Win64; x64) AppleWebKit/537.36 (KHTML, like Gecko) Chrome/62.0.3202.94 Safari/537.36"
0:0:0:0:0:0:0:1 - - [24/Nov/2017:09:43:37 +0000] "GET /admin/img/logo.png HTTP/1.1" 404 333 "http://localhost:9090/admin/" "Mozilla/5.0 (Windows NT 6.3; Win64; x64) AppleWebKit/537.36 (KHTML, like Gecko) Chrome/62.0.3202.94 Safari/537.36"
0:0:0:0:0:0:0:1 - - [24/Nov/2017:09:43:38 +0000] "GET /assets/css/fonts/fontawesome-webfont.woff?v=3.2.1 HTTP/1.1" 200 43572 "http://localhost:9090/assets/css/icons/font-awesome.min.css" "Mozilla/5.0 (Windows NT 6.3; Win64; x64) AppleWebKit/537.36 (KHTML, like Gecko) Chrome/62.0.3202.94 Safari/537.36"
0:0:0:0:0:0:0:1 - - [24/Nov/2017:09:43:38 +0000] "GET /assets/img/background/bt_cubs_a.png HTTP/1.1" 200 193 "http://localhost:9090/assets/css/stylesheet.css" "Mozilla/5.0 (Windows NT 6.3; Win64; x64) AppleWebKit/537.36 (KHTML, like Gecko) Chrome/62.0.3202.94 Safari/537.36"
0:0:0:0:0:0:0:1 - - [24/Nov/2017:09:43:38 +0000] "GET /favicon.ico HTTP/1.1" 404 326 "http://localhost:9090/admin/" "Mozilla/5.0 (Windows NT 6.3; Win64; x64) AppleWebKit/537.36 (KHTML, like Gecko) Chrome/62.0.3202.94 Safari/537.36"
